0 info it worked if it ends with ok
1 verbose cli [
1 verbose cli   '/data/data/com.termux/files/usr/bin/node',
1 verbose cli   '/data/data/com.termux/files/usr/bin/npm',
1 verbose cli   'start'
1 verbose cli ]
2 info using npm@6.14.10
3 info using node@v14.15.4
4 verbose stack Error: ENOENT: no such file or directory, open '/data/data/com.termux/files/home/quack/tools/package.json'
5 verbose cwd /data/data/com.termux/files/home/quack/tools
6 verbose Linux 4.14.117-perf+
7 verbose argv "/data/data/com.termux/files/usr/bin/node" "/data/data/com.termux/files/usr/bin/npm" "start"
8 verbose node v14.15.4
9 verbose npm  v6.14.10
10 error code ENOENT
11 error syscall open
12 error path /data/data/com.termux/files/home/quack/tools/package.json
13 error errno -2
14 error enoent ENOENT: no such file or directory, open '/data/data/com.termux/files/home/quack/tools/package.json'
15 error enoent This is related to npm not being able to find a file.
16 verbose exit [ -2, true ]
